2019-03-28 10:02:18 [org.springframework.boot.StartupInfoLogger:50] - Starting DemoApplication on DESKTOP-IDK675S with PID 38412 (started by Aeiherumuh in E:\java project\sc)
2019-03-28 10:02:18 [org.springframework.boot.SpringApplication:675] - No active profile set, falling back to default profiles: default
2019-03-28 10:02:21 [org.springframework.data.repository.config.RepositoryConfigurationDelegate:244] - Multiple Spring Data modules found, entering strict repository configuration mode!
2019-03-28 10:02:21 [org.springframework.data.repository.config.RepositoryConfigurationDelegate:126] - Bootstrapping Spring Data repositories in DEFAULT mode.
2019-03-28 10:02:21 [org.springframework.data.repository.config.RepositoryConfigurationDelegate:182] - Finished Spring Data repository scanning in 33ms. Found 0 repository interfaces.
2019-03-28 10:02:22 [org.springframework.context.support.PostProcessorRegistrationDelegate$BeanPostProcessorChecker:330] - Bean 'org.springframework.amqp.rabbit.annotation.RabbitBootstrapConfiguration' of type [org.springframework.amqp.rabbit.annotation.RabbitBootstrapConfiguration$$EnhancerBySpringCGLIB$$7e3ddb65] is not eligible for getting processed by all BeanPostProcessors (for example: not eligible for auto-proxying)
2019-03-28 10:02:22 [org.springframework.context.support.PostProcessorRegistrationDelegate$BeanPostProcessorChecker:330] - Bean 'org.springframework.security.config.annotation.configuration.ObjectPostProcessorConfiguration' of type [org.springframework.security.config.annotation.configuration.ObjectPostProcessorConfiguration$$EnhancerBySpringCGLIB$$507fe571] is not eligible for getting processed by all BeanPostProcessors (for example: not eligible for auto-proxying)
2019-03-28 10:02:22 [org.springframework.context.support.PostProcessorRegistrationDelegate$BeanPostProcessorChecker:330] - Bean 'org.springframework.transaction.annotation.ProxyTransactionManagementConfiguration' of type [org.springframework.transaction.annotation.ProxyTransactionManagementConfiguration$$EnhancerBySpringCGLIB$$b7d21d37] is not eligible for getting processed by all BeanPostProcessors (for example: not eligible for auto-proxying)
2019-03-28 10:02:22 [org.springframework.context.support.PostProcessorRegistrationDelegate$BeanPostProcessorChecker:330] - Bean 'objectPostProcessor' of type [org.springframework.security.config.annotation.configuration.AutowireBeanFactoryObjectPostProcessor] is not eligible for getting processed by all BeanPostProcessors (for example: not eligible for auto-proxying)
2019-03-28 10:02:22 [org.springframework.context.support.PostProcessorRegistrationDelegate$BeanPostProcessorChecker:330] - Bean 'org.springframework.security.access.expression.method.DefaultMethodSecurityExpressionHandler@2fa3be26' of type [org.springframework.security.access.expression.method.DefaultMethodSecurityExpressionHandler] is not eligible for getting processed by all BeanPostProcessors (for example: not eligible for auto-proxying)
2019-03-28 10:02:22 [org.springframework.context.support.PostProcessorRegistrationDelegate$BeanPostProcessorChecker:330] - Bean 'org.springframework.security.config.annotation.method.configuration.GlobalMethodSecurityConfiguration' of type [org.springframework.security.config.annotation.method.configuration.GlobalMethodSecurityConfiguration$$EnhancerBySpringCGLIB$$75548823] is not eligible for getting processed by all BeanPostProcessors (for example: not eligible for auto-proxying)
2019-03-28 10:02:22 [org.springframework.context.support.PostProcessorRegistrationDelegate$BeanPostProcessorChecker:330] - Bean 'methodSecurityMetadataSource' of type [org.springframework.security.access.method.DelegatingMethodSecurityMetadataSource] is not eligible for getting processed by all BeanPostProcessors (for example: not eligible for auto-proxying)
2019-03-28 10:02:23 [org.springframework.boot.web.embedded.tomcat.TomcatWebServer:90] - Tomcat initialized with port(s): 8080 (http)
2019-03-28 10:02:23 [org.apache.juli.logging.DirectJDKLog:173] - Starting service [Tomcat]
2019-03-28 10:02:23 [org.apache.juli.logging.DirectJDKLog:173] - Starting Servlet engine: [Apache Tomcat/9.0.16]
2019-03-28 10:02:23 [org.apache.juli.logging.DirectJDKLog:173] - An older version [1.2.19] of the APR based Apache Tomcat Native library is installed, while Tomcat recommends a minimum version of [1.2.21]
2019-03-28 10:02:23 [org.apache.juli.logging.DirectJDKLog:173] - Loaded APR based Apache Tomcat Native library [1.2.19] using APR version [1.6.5].
2019-03-28 10:02:23 [org.apache.juli.logging.DirectJDKLog:173] - APR capabilities: IPv6 [true], sendfile [true], accept filters [false], random [true].
2019-03-28 10:02:23 [org.apache.juli.logging.DirectJDKLog:173] - APR/OpenSSL configuration: useAprConnector [false], useOpenSSL [true]
2019-03-28 10:02:23 [org.apache.juli.logging.DirectJDKLog:173] - OpenSSL successfully initialized [OpenSSL 1.1.1a  20 Nov 2018]
2019-03-28 10:02:23 [org.apache.juli.logging.DirectJDKLog:173] - Initializing Spring embedded WebApplicationContext
2019-03-28 10:02:23 [org.springframework.boot.web.servlet.context.ServletWebServerApplicationContext:296] - Root WebApplicationContext: initialization completed in 4978 ms
2019-03-28 10:02:24 [org.springframework.security.web.DefaultSecurityFilterChain:43] - Creating filter chain: any request, [org.springframework.security.web.context.request.async.WebAsyncManagerIntegrationFilter@1416cf9f, org.springframework.security.web.context.SecurityContextPersistenceFilter@6fd12c5, org.springframework.security.web.header.HeaderWriterFilter@65f2f9b0, org.springframework.security.web.authentication.logout.LogoutFilter@6ba30587, shichi.demo.components.Security.AuthFilter@75e710b, org.springframework.security.web.savedrequest.RequestCacheAwareFilter@4d1f1ff5, org.springframework.security.web.servletapi.SecurityContextHolderAwareRequestFilter@41522537, org.springframework.security.web.authentication.AnonymousAuthenticationFilter@84487f4, org.springframework.security.web.session.SessionManagementFilter@64968732, org.springframework.security.web.access.ExceptionTranslationFilter@7fcf294e, org.springframework.security.web.access.intercept.FilterSecurityInterceptor@524a2ffb]
2019-03-28 10:02:24 [org.springframework.scheduling.concurrent.ExecutorConfigurationSupport:171] - Initializing ExecutorService 'applicationTaskExecutor'
2019-03-28 10:02:26 [org.springframework.boot.web.embedded.tomcat.TomcatWebServer:204] - Tomcat started on port(s): 8080 (http) with context path ''
2019-03-28 10:02:26 [org.springframework.boot.StartupInfoLogger:59] - Started DemoApplication in 8.908 seconds (JVM running for 10.563)
